+ set -e
+ for IPL in '"i,"' '""'
+ for IDIR in '"f"' '"b"'
+ for PMEM in '"-m"' '""'
+ run_test
+ printf '\nOptions: IPL='\''%s'\'' IDIR='\''%s'\'' PMEM='\''%s'\''\n' i, f -m

Options: IPL='i,' IDIR='f' PMEM='-m'
++ gen_test_conf_string i, -m
++ name=
++ '[' -n i, ']'
++ name=' inplace'
++ '[' -n -m ']'
++ name=' inplace pmem'
++ echo ' inplace pmem'
+ test_conf=' inplace pmem'
+ '[' -z ']'
+ echo 'B+tree functional test...'
B+tree functional test...
+ DAOS_DEBUG=0
+ eval /home/marosale/Repos/daos/build/debug/gcc/src/common/tests/btree_direct --start-test 'btree functional  direct keys=20000  inplace pmem iterate=f' '' -m -C i,o:3 -c -o -u 7:loaded,3:that,5:dice,2:knows,4:the,6:are,1:Everybody -i f -q -f 3,6,5,7,2,1,4 -d 3,6,5,7,2,1,4 -u 7:loaded,3:that,5:dice,2:knows,4:the,6:are,1:Everybody -f 3,6,5,7,2,1,4 -r 3,6,5,7,2,1,4 -q -u 7:loaded,3:that,5:dice,2:knows,4:the,6:are,1:Everybody -q -i f:3 -D
++ /home/marosale/Repos/daos/build/debug/gcc/src/common/tests/btree_direct --start-test btree functional direct keys=20000 inplace pmem iterate=f -m -C i,o:3 -c -o -u 7:loaded,3:that,5:dice,2:knows,4:the,6:are,1:Everybody -i f -q -f 3,6,5,7,2,1,4 -d 3,6,5,7,2,1,4 -u 7:loaded,3:that,5:dice,2:knows,4:the,6:are,1:Everybody -f 3,6,5,7,2,1,4 -r 3,6,5,7,2,1,4 -q -u 7:loaded,3:that,5:dice,2:knows,4:the,6:are,1:Everybody -q -i f:3 -D
11/05-05:36:22.92 wolf-26 DAOS[57782/57782] fi   INFO src/gurt/fault_inject.c:481 d_fault_inject_init() No config file, fault injection is OFF.
Using vmem
[==========] Running 1 test(s).
[ RUN      ] btree
--------------------------------------
--------------------------------------
Create btree with order 3 inplace feats 2
--------------------------------------
Close btree
--------------------------------------
Open btree inplace
--------------------------------------
update 7 record(s)
--------------------------------------
1: Everybody
2: knows
3: that
4: the
5: dice
6: are
7: loaded
forward iterator: total 6, deleted 0
Test Passed
--------------------------------------
tree   [order=3, depth=3]
node   [total=7]
record [total=7]
key    [total=14, max=2]
val    [total=41, max=10]
--------------------------------------
Found key 3, value that
Found key 6, value are
Found key 5, value dice
Found key 7, value loaded
Found key 2, value knows
Found key 1, value Everybody
Found key 4, value the
lookup 7 record(s)
--------------------------------------
Deleted key 3
Deleted key 6
Deleted key 5
Deleted key 7
Deleted key 2
Deleted key 1
Deleted key 4
Tree is empty now
delete 7 record(s)
--------------------------------------
update 7 record(s)
--------------------------------------
Found key 3, value that
Found key 6, value are
Found key 5, value dice
Found key 7, value loaded
Found key 2, value knows
Found key 1, value Everybody
Found key 4, value the
lookup 7 record(s)
--------------------------------------
Deleted key 3
Deleted key 6
Deleted key 5
Deleted key 7
Deleted key 2
Deleted key 1
Deleted key 4
Tree is empty now
delete and retain 7 record(s)
--------------------------------------
tree   [order=3, depth=0]
node   [total=0]
record [total=0]
key    [total=0, max=0]
val    [total=0, max=0]
--------------------------------------
update 7 record(s)
--------------------------------------
tree   [order=3, depth=3]
node   [total=7]
record [total=7]
key    [total=14, max=2]
val    [total=41, max=10]
--------------------------------------
1: Everybody
2: knows
3: that
4: the
5: dice
6: are
7: loaded
forward iterator: total 6, deleted 0
Test Passed
--------------------------------------
Destroy btree
--------------------------------------
[       OK ] btree
[==========] 1 test(s) run.
[  PASSED  ] 1 test(s).
+ echo 'B+tree batch operations test...'
B+tree batch operations test...
+ eval /home/marosale/Repos/daos/build/debug/gcc/src/common/tests/btree_direct --start-test 'btree batch operations  direct keys=20000  inplace pmem' '' -m -C i,o:3 -c -o -b 20000 -D
++ /home/marosale/Repos/daos/build/debug/gcc/src/common/tests/btree_direct --start-test btree batch operations direct keys=20000 inplace pmem -m -C i,o:3 -c -o -b 20000 -D
11/05-05:36:23.07 wolf-26 DAOS[57783/57783] fi   INFO src/gurt/fault_inject.c:481 d_fault_inject_init() No config file, fault injection is OFF.
Using vmem
[==========] Running 1 test(s).
[ RUN      ] btree
--------------------------------------
--------------------------------------
Create btree with order 3 inplace feats 2
--------------------------------------
Close btree
--------------------------------------
Open btree inplace
--------------------------------------
Batch add 20000 records.
tree   [order=3, depth=12]
node   [total=23469]
record [total=20000]
key    [total=1434475, max=136]
val    [total=1345585, max=131]
Checking 20000 records
Order is ok
Batch lookup 20000 records.
Batch delete 10000 records.
Batch lookup 10000 records.
Batch delete 10000 records.
tree   [order=3, depth=0]
node   [total=0]
record [total=0]
key    [total=0, max=0]
val    [total=0, max=0]
--------------------------------------
Destroy btree
--------------------------------------
[       OK ] btree
[==========] 1 test(s) run.
[  PASSED  ] 1 test(s).
+ echo 'B+tree drain test...'
B+tree drain test...
+ eval /home/marosale/Repos/daos/build/debug/gcc/src/common/tests/btree_direct --start-test 'btree drain  direct keys=20000  inplace pmem' '' -m -C i,o:3 -e -D
++ /home/marosale/Repos/daos/build/debug/gcc/src/common/tests/btree_direct --start-test btree drain direct keys=20000 inplace pmem -m -C i,o:3 -e -D
11/05-05:36:23.40 wolf-26 DAOS[57784/57784] fi   INFO src/gurt/fault_inject.c:481 d_fault_inject_init() No config file, fault injection is OFF.
Using vmem
[==========] Running 1 test(s).
[ RUN      ] btree
--------------------------------------
--------------------------------------
Create btree with order 3 inplace feats 2
--------------------------------------
btree: invalid option -- 'e'
Unsupported command ?
--------------------------------------
Destroy btree
--------------------------------------
[       OK ] btree
[==========] 1 test(s) run.
[  PASSED  ] 1 test(s).
+ for PMEM in '"-m"' '""'
+ run_test
+ printf '\nOptions: IPL='\''%s'\'' IDIR='\''%s'\'' PMEM='\''%s'\''\n' i, f ''

Options: IPL='i,' IDIR='f' PMEM=''
++ gen_test_conf_string i, ''
++ name=
++ '[' -n i, ']'
++ name=' inplace'
++ '[' -n '' ']'
++ echo ' inplace'
+ test_conf=' inplace'
+ '[' -z ']'
+ echo 'B+tree functional test...'
B+tree functional test...
+ DAOS_DEBUG=0
+ eval /home/marosale/Repos/daos/build/debug/gcc/src/common/tests/btree_direct --start-test 'btree functional  direct keys=20000  inplace iterate=f' '' '' -C i,o:3 -c -o -u 7:loaded,3:that,5:dice,2:knows,4:the,6:are,1:Everybody -i f -q -f 3,6,5,7,2,1,4 -d 3,6,5,7,2,1,4 -u 7:loaded,3:that,5:dice,2:knows,4:the,6:are,1:Everybody -f 3,6,5,7,2,1,4 -r 3,6,5,7,2,1,4 -q -u 7:loaded,3:that,5:dice,2:knows,4:the,6:are,1:Everybody -q -i f:3 -D
++ /home/marosale/Repos/daos/build/debug/gcc/src/common/tests/btree_direct --start-test btree functional direct keys=20000 inplace iterate=f -C i,o:3 -c -o -u 7:loaded,3:that,5:dice,2:knows,4:the,6:are,1:Everybody -i f -q -f 3,6,5,7,2,1,4 -d 3,6,5,7,2,1,4 -u 7:loaded,3:that,5:dice,2:knows,4:the,6:are,1:Everybody -f 3,6,5,7,2,1,4 -r 3,6,5,7,2,1,4 -q -u 7:loaded,3:that,5:dice,2:knows,4:the,6:are,1:Everybody -q -i f:3 -D
11/05-05:36:23.97 wolf-26 DAOS[57786/57786] fi   INFO src/gurt/fault_inject.c:481 d_fault_inject_init() No config file, fault injection is OFF.
Using vmem
[==========] Running 1 test(s).
[ RUN      ] btree
--------------------------------------
Create btree with order 3 inplace feats 2
--------------------------------------
Close btree
--------------------------------------
Open btree inplace
--------------------------------------
update 7 record(s)
--------------------------------------
1: Everybody
2: knows
3: that
4: the
5: dice
6: are
7: loaded
forward iterator: total 6, deleted 0
Test Passed
--------------------------------------
tree   [order=3, depth=3]
node   [total=7]
record [total=7]
key    [total=14, max=2]
val    [total=41, max=10]
--------------------------------------
Found key 3, value that
Found key 6, value are
Found key 5, value dice
Found key 7, value loaded
Found key 2, value knows
Found key 1, value Everybody
Found key 4, value the
lookup 7 record(s)
--------------------------------------
Deleted key 3
Deleted key 6
Deleted key 5
Deleted key 7
Deleted key 2
Deleted key 1
Deleted key 4
Tree is empty now
delete 7 record(s)
--------------------------------------
update 7 record(s)
--------------------------------------
Found key 3, value that
Found key 6, value are
Found key 5, value dice
Found key 7, value loaded
Found key 2, value knows
Found key 1, value Everybody
Found key 4, value the
lookup 7 record(s)
--------------------------------------
Deleted key 3
Deleted key 6
Deleted key 5
Deleted key 7
Deleted key 2
Deleted key 1
Deleted key 4
Tree is empty now
delete and retain 7 record(s)
--------------------------------------
tree   [order=3, depth=0]
node   [total=0]
record [total=0]
key    [total=0, max=0]
val    [total=0, max=0]
--------------------------------------
update 7 record(s)
--------------------------------------
tree   [order=3, depth=3]
node   [total=7]
record [total=7]
key    [total=14, max=2]
val    [total=41, max=10]
--------------------------------------
1: Everybody
2: knows
3: that
4: the
5: dice
6: are
7: loaded
forward iterator: total 6, deleted 0
Test Passed
--------------------------------------
Destroy btree
--------------------------------------
[       OK ] btree
[==========] 1 test(s) run.
[  PASSED  ] 1 test(s).
+ echo 'B+tree batch operations test...'
B+tree batch operations test...
+ eval /home/marosale/Repos/daos/build/debug/gcc/src/common/tests/btree_direct --start-test 'btree batch operations  direct keys=20000  inplace' '' '' -C i,o:3 -c -o -b 20000 -D
++ /home/marosale/Repos/daos/build/debug/gcc/src/common/tests/btree_direct --start-test btree batch operations direct keys=20000 inplace -C i,o:3 -c -o -b 20000 -D
11/05-05:36:24.10 wolf-26 DAOS[57787/57787] fi   INFO src/gurt/fault_inject.c:481 d_fault_inject_init() No config file, fault injection is OFF.
Using vmem
[==========] Running 1 test(s).
[ RUN      ] btree
--------------------------------------
Create btree with order 3 inplace feats 2
--------------------------------------
Close btree
--------------------------------------
Open btree inplace
--------------------------------------
Batch add 20000 records.
tree   [order=3, depth=12]
node   [total=23400]
record [total=20000]
key    [total=1444968, max=136]
val    [total=1356078, max=131]
Checking 20000 records
Order is ok
Batch lookup 20000 records.
Batch delete 10000 records.
Batch lookup 10000 records.
Batch delete 10000 records.
tree   [order=3, depth=0]
node   [total=0]
record [total=0]
key    [total=0, max=0]
val    [total=0, max=0]
--------------------------------------
Destroy btree
--------------------------------------
[       OK ] btree
[==========] 1 test(s) run.
[  PASSED  ] 1 test(s).
+ echo 'B+tree drain test...'
B+tree drain test...
+ eval /home/marosale/Repos/daos/build/debug/gcc/src/common/tests/btree_direct --start-test 'btree drain  direct keys=20000  inplace' '' '' -C i,o:3 -e -D
++ /home/marosale/Repos/daos/build/debug/gcc/src/common/tests/btree_direct --start-test btree drain direct keys=20000 inplace -C i,o:3 -e -D
11/05-05:36:24.43 wolf-26 DAOS[57788/57788] fi   INFO src/gurt/fault_inject.c:481 d_fault_inject_init() No config file, fault injection is OFF.
Using vmem
[==========] Running 1 test(s).
[ RUN      ] btree
--------------------------------------
Create btree with order 3 inplace feats 2
--------------------------------------
btree: invalid option -- 'e'
Unsupported command ?
--------------------------------------
Destroy btree
--------------------------------------
[       OK ] btree
[==========] 1 test(s) run.
[  PASSED  ] 1 test(s).
+ for IDIR in '"f"' '"b"'
+ for PMEM in '"-m"' '""'
+ run_test
+ printf '\nOptions: IPL='\''%s'\'' IDIR='\''%s'\'' PMEM='\''%s'\''\n' i, b -m

Options: IPL='i,' IDIR='b' PMEM='-m'
++ gen_test_conf_string i, -m
++ name=
++ '[' -n i, ']'
++ name=' inplace'
++ '[' -n -m ']'
++ name=' inplace pmem'
++ echo ' inplace pmem'
+ test_conf=' inplace pmem'
+ '[' -z ']'
+ echo 'B+tree functional test...'
B+tree functional test...
+ DAOS_DEBUG=0
+ eval /home/marosale/Repos/daos/build/debug/gcc/src/common/tests/btree_direct --start-test 'btree functional  direct keys=20000  inplace pmem iterate=b' '' -m -C i,o:3 -c -o -u 7:loaded,3:that,5:dice,2:knows,4:the,6:are,1:Everybody -i b -q -f 3,6,5,7,2,1,4 -d 3,6,5,7,2,1,4 -u 7:loaded,3:that,5:dice,2:knows,4:the,6:are,1:Everybody -f 3,6,5,7,2,1,4 -r 3,6,5,7,2,1,4 -q -u 7:loaded,3:that,5:dice,2:knows,4:the,6:are,1:Everybody -q -i b:3 -D
++ /home/marosale/Repos/daos/build/debug/gcc/src/common/tests/btree_direct --start-test btree functional direct keys=20000 inplace pmem iterate=b -m -C i,o:3 -c -o -u 7:loaded,3:that,5:dice,2:knows,4:the,6:are,1:Everybody -i b -q -f 3,6,5,7,2,1,4 -d 3,6,5,7,2,1,4 -u 7:loaded,3:that,5:dice,2:knows,4:the,6:are,1:Everybody -f 3,6,5,7,2,1,4 -r 3,6,5,7,2,1,4 -q -u 7:loaded,3:that,5:dice,2:knows,4:the,6:are,1:Everybody -q -i b:3 -D
11/05-05:36:25.00 wolf-26 DAOS[57825/57825] fi   INFO src/gurt/fault_inject.c:481 d_fault_inject_init() No config file, fault injection is OFF.
Using vmem
[==========] Running 1 test(s).
[ RUN      ] btree
--------------------------------------
--------------------------------------
Create btree with order 3 inplace feats 2
--------------------------------------
Close btree
--------------------------------------
Open btree inplace
--------------------------------------
update 7 record(s)
--------------------------------------
7: loaded
6: are
5: dice
4: the
3: that
2: knows
1: Everybody
backward iterator: total 6, deleted 0
Test Passed
--------------------------------------
tree   [order=3, depth=3]
node   [total=7]
record [total=7]
key    [total=14, max=2]
val    [total=41, max=10]
--------------------------------------
Found key 3, value that
Found key 6, value are
Found key 5, value dice
Found key 7, value loaded
Found key 2, value knows
Found key 1, value Everybody
Found key 4, value the
lookup 7 record(s)
--------------------------------------
Deleted key 3
Deleted key 6
Deleted key 5
Deleted key 7
Deleted key 2
Deleted key 1
Deleted key 4
Tree is empty now
delete 7 record(s)
--------------------------------------
update 7 record(s)
--------------------------------------
Found key 3, value that
Found key 6, value are
Found key 5, value dice
Found key 7, value loaded
Found key 2, value knows
Found key 1, value Everybody
Found key 4, value the
lookup 7 record(s)
--------------------------------------
Deleted key 3
Deleted key 6
Deleted key 5
Deleted key 7
Deleted key 2
Deleted key 1
Deleted key 4
Tree is empty now
delete and retain 7 record(s)
--------------------------------------
tree   [order=3, depth=0]
node   [total=0]
record [total=0]
key    [total=0, max=0]
val    [total=0, max=0]
--------------------------------------
update 7 record(s)
--------------------------------------
tree   [order=3, depth=3]
node   [total=7]
record [total=7]
key    [total=14, max=2]
val    [total=41, max=10]
--------------------------------------
7: loaded
6: are
5: dice
4: the
3: that
2: knows
1: Everybody
backward iterator: total 6, deleted 0
Test Passed
--------------------------------------
Destroy btree
--------------------------------------
[       OK ] btree
[==========] 1 test(s) run.
[  PASSED  ] 1 test(s).
+ echo 'B+tree batch operations test...'
B+tree batch operations test...
+ eval /home/marosale/Repos/daos/build/debug/gcc/src/common/tests/btree_direct --start-test 'btree batch operations  direct keys=20000  inplace pmem' '' -m -C i,o:3 -c -o -b 20000 -D
++ /home/marosale/Repos/daos/build/debug/gcc/src/common/tests/btree_direct --start-test btree batch operations direct keys=20000 inplace pmem -m -C i,o:3 -c -o -b 20000 -D
11/05-05:36:25.14 wolf-26 DAOS[57826/57826] fi   INFO src/gurt/fault_inject.c:481 d_fault_inject_init() No config file, fault injection is OFF.
Using vmem
[==========] Running 1 test(s).
[ RUN      ] btree
--------------------------------------
--------------------------------------
Create btree with order 3 inplace feats 2
--------------------------------------
Close btree
--------------------------------------
Open btree inplace
--------------------------------------
Batch add 20000 records.
tree   [order=3, depth=12]
node   [total=23437]
record [total=20000]
key    [total=1443907, max=136]
val    [total=1355017, max=131]
Checking 20000 records
Order is ok
Batch lookup 20000 records.
Batch delete 10000 records.
Batch lookup 10000 records.
Batch delete 10000 records.
tree   [order=3, depth=0]
node   [total=0]
record [total=0]
key    [total=0, max=0]
val    [total=0, max=0]
--------------------------------------
Destroy btree
--------------------------------------
[       OK ] btree
[==========] 1 test(s) run.
[  PASSED  ] 1 test(s).
+ echo 'B+tree drain test...'
B+tree drain test...
+ eval /home/marosale/Repos/daos/build/debug/gcc/src/common/tests/btree_direct --start-test 'btree drain  direct keys=20000  inplace pmem' '' -m -C i,o:3 -e -D
++ /home/marosale/Repos/daos/build/debug/gcc/src/common/tests/btree_direct --start-test btree drain direct keys=20000 inplace pmem -m -C i,o:3 -e -D
11/05-05:36:25.46 wolf-26 DAOS[57827/57827] fi   INFO src/gurt/fault_inject.c:481 d_fault_inject_init() No config file, fault injection is OFF.
Using vmem
[==========] Running 1 test(s).
[ RUN      ] btree
--------------------------------------
--------------------------------------
Create btree with order 3 inplace feats 2
--------------------------------------
btree: invalid option -- 'e'
Unsupported command ?
--------------------------------------
Destroy btree
--------------------------------------
[       OK ] btree
[==========] 1 test(s) run.
[  PASSED  ] 1 test(s).
+ for PMEM in '"-m"' '""'
+ run_test
+ printf '\nOptions: IPL='\''%s'\'' IDIR='\''%s'\'' PMEM='\''%s'\''\n' i, b ''

Options: IPL='i,' IDIR='b' PMEM=''
++ gen_test_conf_string i, ''
++ name=
++ '[' -n i, ']'
++ name=' inplace'
++ '[' -n '' ']'
++ echo ' inplace'
+ test_conf=' inplace'
+ '[' -z ']'
+ echo 'B+tree functional test...'
B+tree functional test...
+ DAOS_DEBUG=0
+ eval /home/marosale/Repos/daos/build/debug/gcc/src/common/tests/btree_direct --start-test 'btree functional  direct keys=20000  inplace iterate=b' '' '' -C i,o:3 -c -o -u 7:loaded,3:that,5:dice,2:knows,4:the,6:are,1:Everybody -i b -q -f 3,6,5,7,2,1,4 -d 3,6,5,7,2,1,4 -u 7:loaded,3:that,5:dice,2:knows,4:the,6:are,1:Everybody -f 3,6,5,7,2,1,4 -r 3,6,5,7,2,1,4 -q -u 7:loaded,3:that,5:dice,2:knows,4:the,6:are,1:Everybody -q -i b:3 -D
++ /home/marosale/Repos/daos/build/debug/gcc/src/common/tests/btree_direct --start-test btree functional direct keys=20000 inplace iterate=b -C i,o:3 -c -o -u 7:loaded,3:that,5:dice,2:knows,4:the,6:are,1:Everybody -i b -q -f 3,6,5,7,2,1,4 -d 3,6,5,7,2,1,4 -u 7:loaded,3:that,5:dice,2:knows,4:the,6:are,1:Everybody -f 3,6,5,7,2,1,4 -r 3,6,5,7,2,1,4 -q -u 7:loaded,3:that,5:dice,2:knows,4:the,6:are,1:Everybody -q -i b:3 -D
11/05-05:36:26.03 wolf-26 DAOS[57829/57829] fi   INFO src/gurt/fault_inject.c:481 d_fault_inject_init() No config file, fault injection is OFF.
Using vmem
[==========] Running 1 test(s).
[ RUN      ] btree
--------------------------------------
Create btree with order 3 inplace feats 2
--------------------------------------
Close btree
--------------------------------------
Open btree inplace
--------------------------------------
update 7 record(s)
--------------------------------------
7: loaded
6: are
5: dice
4: the
3: that
2: knows
1: Everybody
backward iterator: total 6, deleted 0
Test Passed
--------------------------------------
tree   [order=3, depth=3]
node   [total=7]
record [total=7]
key    [total=14, max=2]
val    [total=41, max=10]
--------------------------------------
Found key 3, value that
Found key 6, value are
Found key 5, value dice
Found key 7, value loaded
Found key 2, value knows
Found key 1, value Everybody
Found key 4, value the
lookup 7 record(s)
--------------------------------------
Deleted key 3
Deleted key 6
Deleted key 5
Deleted key 7
Deleted key 2
Deleted key 1
Deleted key 4
Tree is empty now
delete 7 record(s)
--------------------------------------
update 7 record(s)
--------------------------------------
Found key 3, value that
Found key 6, value are
Found key 5, value dice
Found key 7, value loaded
Found key 2, value knows
Found key 1, value Everybody
Found key 4, value the
lookup 7 record(s)
--------------------------------------
Deleted key 3
Deleted key 6
Deleted key 5
Deleted key 7
Deleted key 2
Deleted key 1
Deleted key 4
Tree is empty now
delete and retain 7 record(s)
--------------------------------------
tree   [order=3, depth=0]
node   [total=0]
record [total=0]
key    [total=0, max=0]
val    [total=0, max=0]
--------------------------------------
update 7 record(s)
--------------------------------------
tree   [order=3, depth=3]
node   [total=7]
record [total=7]
key    [total=14, max=2]
val    [total=41, max=10]
--------------------------------------
7: loaded
6: are
5: dice
4: the
3: that
2: knows
1: Everybody
backward iterator: total 6, deleted 0
Test Passed
--------------------------------------
Destroy btree
--------------------------------------
[       OK ] btree
[==========] 1 test(s) run.
[  PASSED  ] 1 test(s).
+ echo 'B+tree batch operations test...'
B+tree batch operations test...
+ eval /home/marosale/Repos/daos/build/debug/gcc/src/common/tests/btree_direct --start-test 'btree batch operations  direct keys=20000  inplace' '' '' -C i,o:3 -c -o -b 20000 -D
++ /home/marosale/Repos/daos/build/debug/gcc/src/common/tests/btree_direct --start-test btree batch operations direct keys=20000 inplace -C i,o:3 -c -o -b 20000 -D
11/05-05:36:26.17 wolf-26 DAOS[57830/57830] fi   INFO src/gurt/fault_inject.c:481 d_fault_inject_init() No config file, fault injection is OFF.
Using vmem
[==========] Running 1 test(s).
[ RUN      ] btree
--------------------------------------
Create btree with order 3 inplace feats 2
--------------------------------------
Close btree
--------------------------------------
Open btree inplace
--------------------------------------
Batch add 20000 records.
tree   [order=3, depth=13]
node   [total=23509]
record [total=20000]
key    [total=1445177, max=136]
val    [total=1356287, max=131]
Checking 20000 records
Order is ok
Batch lookup 20000 records.
Batch delete 10000 records.
Batch lookup 10000 records.
Batch delete 10000 records.
tree   [order=3, depth=0]
node   [total=0]
record [total=0]
key    [total=0, max=0]
val    [total=0, max=0]
--------------------------------------
Destroy btree
--------------------------------------
[       OK ] btree
[==========] 1 test(s) run.
[  PASSED  ] 1 test(s).
+ echo 'B+tree drain test...'
B+tree drain test...
+ eval /home/marosale/Repos/daos/build/debug/gcc/src/common/tests/btree_direct --start-test 'btree drain  direct keys=20000  inplace' '' '' -C i,o:3 -e -D
++ /home/marosale/Repos/daos/build/debug/gcc/src/common/tests/btree_direct --start-test btree drain direct keys=20000 inplace -C i,o:3 -e -D
11/05-05:36:26.49 wolf-26 DAOS[57831/57831] fi   INFO src/gurt/fault_inject.c:481 d_fault_inject_init() No config file, fault injection is OFF.
Using vmem
[==========] Running 1 test(s).
[ RUN      ] btree
--------------------------------------
Create btree with order 3 inplace feats 2
--------------------------------------
btree: invalid option -- 'e'
Unsupported command ?
--------------------------------------
Destroy btree
--------------------------------------
[       OK ] btree
[==========] 1 test(s) run.
[  PASSED  ] 1 test(s).
+ for IPL in '"i,"' '""'
+ for IDIR in '"f"' '"b"'
+ for PMEM in '"-m"' '""'
+ run_test
+ printf '\nOptions: IPL='\''%s'\'' IDIR='\''%s'\'' PMEM='\''%s'\''\n' '' f -m

Options: IPL='' IDIR='f' PMEM='-m'
++ gen_test_conf_string '' -m
++ name=
++ '[' -n '' ']'
++ '[' -n -m ']'
++ name=' pmem'
++ echo ' pmem'
+ test_conf=' pmem'
+ '[' -z ']'
+ echo 'B+tree functional test...'
B+tree functional test...
+ DAOS_DEBUG=0
+ eval /home/marosale/Repos/daos/build/debug/gcc/src/common/tests/btree_direct --start-test 'btree functional  direct keys=20000  pmem iterate=f' '' -m -C o:3 -c -o -u 7:loaded,3:that,5:dice,2:knows,4:the,6:are,1:Everybody -i f -q -f 3,6,5,7,2,1,4 -d 3,6,5,7,2,1,4 -u 7:loaded,3:that,5:dice,2:knows,4:the,6:are,1:Everybody -f 3,6,5,7,2,1,4 -r 3,6,5,7,2,1,4 -q -u 7:loaded,3:that,5:dice,2:knows,4:the,6:are,1:Everybody -q -i f:3 -D
++ /home/marosale/Repos/daos/build/debug/gcc/src/common/tests/btree_direct --start-test btree functional direct keys=20000 pmem iterate=f -m -C o:3 -c -o -u 7:loaded,3:that,5:dice,2:knows,4:the,6:are,1:Everybody -i f -q -f 3,6,5,7,2,1,4 -d 3,6,5,7,2,1,4 -u 7:loaded,3:that,5:dice,2:knows,4:the,6:are,1:Everybody -f 3,6,5,7,2,1,4 -r 3,6,5,7,2,1,4 -q -u 7:loaded,3:that,5:dice,2:knows,4:the,6:are,1:Everybody -q -i f:3 -D
11/05-05:36:27.07 wolf-26 DAOS[57833/57833] fi   INFO src/gurt/fault_inject.c:481 d_fault_inject_init() No config file, fault injection is OFF.
Using vmem
[==========] Running 1 test(s).
[ RUN      ] btree
--------------------------------------
--------------------------------------
Create btree with order 3 feats 2
--------------------------------------
Close btree
--------------------------------------
Open btree
--------------------------------------
update 7 record(s)
--------------------------------------
1: Everybody
2: knows
3: that
4: the
5: dice
6: are
7: loaded
forward iterator: total 6, deleted 0
Test Passed
--------------------------------------
tree   [order=3, depth=3]
node   [total=7]
record [total=7]
key    [total=14, max=2]
val    [total=41, max=10]
--------------------------------------
Found key 3, value that
Found key 6, value are
Found key 5, value dice
Found key 7, value loaded
Found key 2, value knows
Found key 1, value Everybody
Found key 4, value the
lookup 7 record(s)
--------------------------------------
Deleted key 3
Deleted key 6
Deleted key 5
Deleted key 7
Deleted key 2
Deleted key 1
Deleted key 4
Tree is empty now
delete 7 record(s)
--------------------------------------
update 7 record(s)
--------------------------------------
Found key 3, value that
Found key 6, value are
Found key 5, value dice
Found key 7, value loaded
Found key 2, value knows
Found key 1, value Everybody
Found key 4, value the
lookup 7 record(s)
--------------------------------------
Deleted key 3
Deleted key 6
Deleted key 5
Deleted key 7
Deleted key 2
Deleted key 1
Deleted key 4
Tree is empty now
delete and retain 7 record(s)
--------------------------------------
tree   [order=3, depth=0]
node   [total=0]
record [total=0]
key    [total=0, max=0]
val    [total=0, max=0]
--------------------------------------
update 7 record(s)
--------------------------------------
tree   [order=3, depth=3]
node   [total=7]
record [total=7]
key    [total=14, max=2]
val    [total=41, max=10]
--------------------------------------
1: Everybody
2: knows
3: that
4: the
5: dice
6: are
7: loaded
forward iterator: total 6, deleted 0
Test Passed
--------------------------------------
Destroy btree
--------------------------------------
[       OK ] btree
[==========] 1 test(s) run.
[  PASSED  ] 1 test(s).
+ echo 'B+tree batch operations test...'
B+tree batch operations test...
+ eval /home/marosale/Repos/daos/build/debug/gcc/src/common/tests/btree_direct --start-test 'btree batch operations  direct keys=20000  pmem' '' -m -C o:3 -c -o -b 20000 -D
++ /home/marosale/Repos/daos/build/debug/gcc/src/common/tests/btree_direct --start-test btree batch operations direct keys=20000 pmem -m -C o:3 -c -o -b 20000 -D
11/05-05:36:27.20 wolf-26 DAOS[57834/57834] fi   INFO src/gurt/fault_inject.c:481 d_fault_inject_init() No config file, fault injection is OFF.
Using vmem
[==========] Running 1 test(s).
[ RUN      ] btree
--------------------------------------
--------------------------------------
Create btree with order 3 feats 2
--------------------------------------
Close btree
--------------------------------------
Open btree
--------------------------------------
Batch add 20000 records.
tree   [order=3, depth=12]
node   [total=23415]
record [total=20000]
key    [total=1434885, max=136]
val    [total=1345995, max=131]
Checking 20000 records
Order is ok
Batch lookup 20000 records.
Batch delete 10000 records.
Batch lookup 10000 records.
Batch delete 10000 records.
tree   [order=3, depth=0]
node   [total=0]
record [total=0]
key    [total=0, max=0]
val    [total=0, max=0]
--------------------------------------
Destroy btree
--------------------------------------
[       OK ] btree
[==========] 1 test(s) run.
[  PASSED  ] 1 test(s).
+ echo 'B+tree drain test...'
B+tree drain test...
+ eval /home/marosale/Repos/daos/build/debug/gcc/src/common/tests/btree_direct --start-test 'btree drain  direct keys=20000  pmem' '' -m -C o:3 -e -D
++ /home/marosale/Repos/daos/build/debug/gcc/src/common/tests/btree_direct --start-test btree drain direct keys=20000 pmem -m -C o:3 -e -D
11/05-05:36:27.53 wolf-26 DAOS[57835/57835] fi   INFO src/gurt/fault_inject.c:481 d_fault_inject_init() No config file, fault injection is OFF.
Using vmem
[==========] Running 1 test(s).
[ RUN      ] btree
--------------------------------------
--------------------------------------
Create btree with order 3 feats 2
--------------------------------------
btree: invalid option -- 'e'
Unsupported command ?
--------------------------------------
Destroy btree
--------------------------------------
[       OK ] btree
[==========] 1 test(s) run.
[  PASSED  ] 1 test(s).
+ for PMEM in '"-m"' '""'
+ run_test
+ printf '\nOptions: IPL='\''%s'\'' IDIR='\''%s'\'' PMEM='\''%s'\''\n' '' f ''

Options: IPL='' IDIR='f' PMEM=''
++ gen_test_conf_string '' ''
++ name=
++ '[' -n '' ']'
++ '[' -n '' ']'
++ echo ''
+ test_conf=
+ '[' -z ']'
+ echo 'B+tree functional test...'
B+tree functional test...
+ DAOS_DEBUG=0
+ eval /home/marosale/Repos/daos/build/debug/gcc/src/common/tests/btree_direct --start-test 'btree functional  direct keys=20000  iterate=f' '' '' -C o:3 -c -o -u 7:loaded,3:that,5:dice,2:knows,4:the,6:are,1:Everybody -i f -q -f 3,6,5,7,2,1,4 -d 3,6,5,7,2,1,4 -u 7:loaded,3:that,5:dice,2:knows,4:the,6:are,1:Everybody -f 3,6,5,7,2,1,4 -r 3,6,5,7,2,1,4 -q -u 7:loaded,3:that,5:dice,2:knows,4:the,6:are,1:Everybody -q -i f:3 -D
++ /home/marosale/Repos/daos/build/debug/gcc/src/common/tests/btree_direct --start-test btree functional direct keys=20000 iterate=f -C o:3 -c -o -u 7:loaded,3:that,5:dice,2:knows,4:the,6:are,1:Everybody -i f -q -f 3,6,5,7,2,1,4 -d 3,6,5,7,2,1,4 -u 7:loaded,3:that,5:dice,2:knows,4:the,6:are,1:Everybody -f 3,6,5,7,2,1,4 -r 3,6,5,7,2,1,4 -q -u 7:loaded,3:that,5:dice,2:knows,4:the,6:are,1:Everybody -q -i f:3 -D
11/05-05:36:28.09 wolf-26 DAOS[57837/57837] fi   INFO src/gurt/fault_inject.c:481 d_fault_inject_init() No config file, fault injection is OFF.
Using vmem
[==========] Running 1 test(s).
[ RUN      ] btree
--------------------------------------
Create btree with order 3 feats 2
--------------------------------------
Close btree
--------------------------------------
Open btree
--------------------------------------
update 7 record(s)
--------------------------------------
1: Everybody
2: knows
3: that
4: the
5: dice
6: are
7: loaded
forward iterator: total 6, deleted 0
Test Passed
--------------------------------------
tree   [order=3, depth=3]
node   [total=7]
record [total=7]
key    [total=14, max=2]
val    [total=41, max=10]
--------------------------------------
Found key 3, value that
Found key 6, value are
Found key 5, value dice
Found key 7, value loaded
Found key 2, value knows
Found key 1, value Everybody
Found key 4, value the
lookup 7 record(s)
--------------------------------------
Deleted key 3
Deleted key 6
Deleted key 5
Deleted key 7
Deleted key 2
Deleted key 1
Deleted key 4
Tree is empty now
delete 7 record(s)
--------------------------------------
update 7 record(s)
--------------------------------------
Found key 3, value that
Found key 6, value are
Found key 5, value dice
Found key 7, value loaded
Found key 2, value knows
Found key 1, value Everybody
Found key 4, value the
lookup 7 record(s)
--------------------------------------
Deleted key 3
Deleted key 6
Deleted key 5
Deleted key 7
Deleted key 2
Deleted key 1
Deleted key 4
Tree is empty now
delete and retain 7 record(s)
--------------------------------------
tree   [order=3, depth=0]
node   [total=0]
record [total=0]
key    [total=0, max=0]
val    [total=0, max=0]
--------------------------------------
update 7 record(s)
--------------------------------------
tree   [order=3, depth=3]
node   [total=7]
record [total=7]
key    [total=14, max=2]
val    [total=41, max=10]
--------------------------------------
1: Everybody
2: knows
3: that
4: the
5: dice
6: are
7: loaded
forward iterator: total 6, deleted 0
Test Passed
--------------------------------------
Destroy btree
--------------------------------------
[       OK ] btree
[==========] 1 test(s) run.
[  PASSED  ] 1 test(s).
+ echo 'B+tree batch operations test...'
B+tree batch operations test...
+ eval /home/marosale/Repos/daos/build/debug/gcc/src/common/tests/btree_direct --start-test 'btree batch operations  direct keys=20000 ' '' '' -C o:3 -c -o -b 20000 -D
++ /home/marosale/Repos/daos/build/debug/gcc/src/common/tests/btree_direct --start-test btree batch operations direct keys=20000 -C o:3 -c -o -b 20000 -D
11/05-05:36:28.23 wolf-26 DAOS[57838/57838] fi   INFO src/gurt/fault_inject.c:481 d_fault_inject_init() No config file, fault injection is OFF.
Using vmem
[==========] Running 1 test(s).
[ RUN      ] btree
--------------------------------------
Create btree with order 3 feats 2
--------------------------------------
Close btree
--------------------------------------
Open btree
--------------------------------------
Batch add 20000 records.
tree   [order=3, depth=12]
node   [total=23506]
record [total=20000]
key    [total=1444333, max=136]
val    [total=1355443, max=131]
Checking 20000 records
Order is ok
Batch lookup 20000 records.
Batch delete 10000 records.
Batch lookup 10000 records.
Batch delete 10000 records.
tree   [order=3, depth=0]
node   [total=0]
record [total=0]
key    [total=0, max=0]
val    [total=0, max=0]
--------------------------------------
Destroy btree
--------------------------------------
[       OK ] btree
[==========] 1 test(s) run.
[  PASSED  ] 1 test(s).
+ echo 'B+tree drain test...'
B+tree drain test...
+ eval /home/marosale/Repos/daos/build/debug/gcc/src/common/tests/btree_direct --start-test 'btree drain  direct keys=20000 ' '' '' -C o:3 -e -D
++ /home/marosale/Repos/daos/build/debug/gcc/src/common/tests/btree_direct --start-test btree drain direct keys=20000 -C o:3 -e -D
11/05-05:36:28.56 wolf-26 DAOS[57839/57839] fi   INFO src/gurt/fault_inject.c:481 d_fault_inject_init() No config file, fault injection is OFF.
Using vmem
[==========] Running 1 test(s).
[ RUN      ] btree
--------------------------------------
Create btree with order 3 feats 2
--------------------------------------
btree: invalid option -- 'e'
Unsupported command ?
--------------------------------------
Destroy btree
--------------------------------------
[       OK ] btree
[==========] 1 test(s) run.
[  PASSED  ] 1 test(s).
+ for IDIR in '"f"' '"b"'
+ for PMEM in '"-m"' '""'
+ run_test
+ printf '\nOptions: IPL='\''%s'\'' IDIR='\''%s'\'' PMEM='\''%s'\''\n' '' b -m

Options: IPL='' IDIR='b' PMEM='-m'
++ gen_test_conf_string '' -m
++ name=
++ '[' -n '' ']'
++ '[' -n -m ']'
++ name=' pmem'
++ echo ' pmem'
+ test_conf=' pmem'
+ '[' -z ']'
+ echo 'B+tree functional test...'
B+tree functional test...
+ DAOS_DEBUG=0
+ eval /home/marosale/Repos/daos/build/debug/gcc/src/common/tests/btree_direct --start-test 'btree functional  direct keys=20000  pmem iterate=b' '' -m -C o:3 -c -o -u 7:loaded,3:that,5:dice,2:knows,4:the,6:are,1:Everybody -i b -q -f 3,6,5,7,2,1,4 -d 3,6,5,7,2,1,4 -u 7:loaded,3:that,5:dice,2:knows,4:the,6:are,1:Everybody -f 3,6,5,7,2,1,4 -r 3,6,5,7,2,1,4 -q -u 7:loaded,3:that,5:dice,2:knows,4:the,6:are,1:Everybody -q -i b:3 -D
++ /home/marosale/Repos/daos/build/debug/gcc/src/common/tests/btree_direct --start-test btree functional direct keys=20000 pmem iterate=b -m -C o:3 -c -o -u 7:loaded,3:that,5:dice,2:knows,4:the,6:are,1:Everybody -i b -q -f 3,6,5,7,2,1,4 -d 3,6,5,7,2,1,4 -u 7:loaded,3:that,5:dice,2:knows,4:the,6:are,1:Everybody -f 3,6,5,7,2,1,4 -r 3,6,5,7,2,1,4 -q -u 7:loaded,3:that,5:dice,2:knows,4:the,6:are,1:Everybody -q -i b:3 -D
11/05-05:36:29.13 wolf-26 DAOS[57841/57841] fi   INFO src/gurt/fault_inject.c:481 d_fault_inject_init() No config file, fault injection is OFF.
Using vmem
[==========] Running 1 test(s).
[ RUN      ] btree
--------------------------------------
--------------------------------------
Create btree with order 3 feats 2
--------------------------------------
Close btree
--------------------------------------
Open btree
--------------------------------------
update 7 record(s)
--------------------------------------
7: loaded
6: are
5: dice
4: the
3: that
2: knows
1: Everybody
backward iterator: total 6, deleted 0
Test Passed
--------------------------------------
tree   [order=3, depth=3]
node   [total=7]
record [total=7]
key    [total=14, max=2]
val    [total=41, max=10]
--------------------------------------
Found key 3, value that
Found key 6, value are
Found key 5, value dice
Found key 7, value loaded
Found key 2, value knows
Found key 1, value Everybody
Found key 4, value the
lookup 7 record(s)
--------------------------------------
Deleted key 3
Deleted key 6
Deleted key 5
Deleted key 7
Deleted key 2
Deleted key 1
Deleted key 4
Tree is empty now
delete 7 record(s)
--------------------------------------
update 7 record(s)
--------------------------------------
Found key 3, value that
Found key 6, value are
Found key 5, value dice
Found key 7, value loaded
Found key 2, value knows
Found key 1, value Everybody
Found key 4, value the
lookup 7 record(s)
--------------------------------------
Deleted key 3
Deleted key 6
Deleted key 5
Deleted key 7
Deleted key 2
Deleted key 1
Deleted key 4
Tree is empty now
delete and retain 7 record(s)
--------------------------------------
tree   [order=3, depth=0]
node   [total=0]
record [total=0]
key    [total=0, max=0]
val    [total=0, max=0]
--------------------------------------
update 7 record(s)
--------------------------------------
tree   [order=3, depth=3]
node   [total=7]
record [total=7]
key    [total=14, max=2]
val    [total=41, max=10]
--------------------------------------
7: loaded
6: are
5: dice
4: the
3: that
2: knows
1: Everybody
backward iterator: total 6, deleted 0
Test Passed
--------------------------------------
Destroy btree
--------------------------------------
[       OK ] btree
[==========] 1 test(s) run.
[  PASSED  ] 1 test(s).
+ echo 'B+tree batch operations test...'
B+tree batch operations test...
+ eval /home/marosale/Repos/daos/build/debug/gcc/src/common/tests/btree_direct --start-test 'btree batch operations  direct keys=20000  pmem' '' -m -C o:3 -c -o -b 20000 -D
++ /home/marosale/Repos/daos/build/debug/gcc/src/common/tests/btree_direct --start-test btree batch operations direct keys=20000 pmem -m -C o:3 -c -o -b 20000 -D
11/05-05:36:29.26 wolf-26 DAOS[57842/57842] fi   INFO src/gurt/fault_inject.c:481 d_fault_inject_init() No config file, fault injection is OFF.
Using vmem
[==========] Running 1 test(s).
[ RUN      ] btree
--------------------------------------
--------------------------------------
Create btree with order 3 feats 2
--------------------------------------
Close btree
--------------------------------------
Open btree
--------------------------------------
Batch add 20000 records.
tree   [order=3, depth=12]
node   [total=23528]
record [total=20000]
key    [total=1438808, max=136]
val    [total=1349918, max=131]
Checking 20000 records
Order is ok
Batch lookup 20000 records.
Batch delete 10000 records.
Batch lookup 10000 records.
Batch delete 10000 records.
tree   [order=3, depth=0]
node   [total=0]
record [total=0]
key    [total=0, max=0]
val    [total=0, max=0]
--------------------------------------
Destroy btree
--------------------------------------
[       OK ] btree
[==========] 1 test(s) run.
[  PASSED  ] 1 test(s).
+ echo 'B+tree drain test...'
B+tree drain test...
+ eval /home/marosale/Repos/daos/build/debug/gcc/src/common/tests/btree_direct --start-test 'btree drain  direct keys=20000  pmem' '' -m -C o:3 -e -D
++ /home/marosale/Repos/daos/build/debug/gcc/src/common/tests/btree_direct --start-test btree drain direct keys=20000 pmem -m -C o:3 -e -D
11/05-05:36:29.59 wolf-26 DAOS[57843/57843] fi   INFO src/gurt/fault_inject.c:481 d_fault_inject_init() No config file, fault injection is OFF.
Using vmem
[==========] Running 1 test(s).
[ RUN      ] btree
--------------------------------------
--------------------------------------
Create btree with order 3 feats 2
--------------------------------------
btree: invalid option -- 'e'
Unsupported command ?
--------------------------------------
Destroy btree
--------------------------------------
[       OK ] btree
[==========] 1 test(s) run.
[  PASSED  ] 1 test(s).
+ for PMEM in '"-m"' '""'
+ run_test
+ printf '\nOptions: IPL='\''%s'\'' IDIR='\''%s'\'' PMEM='\''%s'\''\n' '' b ''

Options: IPL='' IDIR='b' PMEM=''
++ gen_test_conf_string '' ''
++ name=
++ '[' -n '' ']'
++ '[' -n '' ']'
++ echo ''
+ test_conf=
+ '[' -z ']'
+ echo 'B+tree functional test...'
B+tree functional test...
+ DAOS_DEBUG=0
+ eval /home/marosale/Repos/daos/build/debug/gcc/src/common/tests/btree_direct --start-test 'btree functional  direct keys=20000  iterate=b' '' '' -C o:3 -c -o -u 7:loaded,3:that,5:dice,2:knows,4:the,6:are,1:Everybody -i b -q -f 3,6,5,7,2,1,4 -d 3,6,5,7,2,1,4 -u 7:loaded,3:that,5:dice,2:knows,4:the,6:are,1:Everybody -f 3,6,5,7,2,1,4 -r 3,6,5,7,2,1,4 -q -u 7:loaded,3:that,5:dice,2:knows,4:the,6:are,1:Everybody -q -i b:3 -D
++ /home/marosale/Repos/daos/build/debug/gcc/src/common/tests/btree_direct --start-test btree functional direct keys=20000 iterate=b -C o:3 -c -o -u 7:loaded,3:that,5:dice,2:knows,4:the,6:are,1:Everybody -i b -q -f 3,6,5,7,2,1,4 -d 3,6,5,7,2,1,4 -u 7:loaded,3:that,5:dice,2:knows,4:the,6:are,1:Everybody -f 3,6,5,7,2,1,4 -r 3,6,5,7,2,1,4 -q -u 7:loaded,3:that,5:dice,2:knows,4:the,6:are,1:Everybody -q -i b:3 -D
11/05-05:36:30.16 wolf-26 DAOS[57881/57881] fi   INFO src/gurt/fault_inject.c:481 d_fault_inject_init() No config file, fault injection is OFF.
Using vmem
[==========] Running 1 test(s).
[ RUN      ] btree
--------------------------------------
Create btree with order 3 feats 2
--------------------------------------
Close btree
--------------------------------------
Open btree
--------------------------------------
update 7 record(s)
--------------------------------------
7: loaded
6: are
5: dice
4: the
3: that
2: knows
1: Everybody
backward iterator: total 6, deleted 0
Test Passed
--------------------------------------
tree   [order=3, depth=3]
node   [total=7]
record [total=7]
key    [total=14, max=2]
val    [total=41, max=10]
--------------------------------------
Found key 3, value that
Found key 6, value are
Found key 5, value dice
Found key 7, value loaded
Found key 2, value knows
Found key 1, value Everybody
Found key 4, value the
lookup 7 record(s)
--------------------------------------
Deleted key 3
Deleted key 6
Deleted key 5
Deleted key 7
Deleted key 2
Deleted key 1
Deleted key 4
Tree is empty now
delete 7 record(s)
--------------------------------------
update 7 record(s)
--------------------------------------
Found key 3, value that
Found key 6, value are
Found key 5, value dice
Found key 7, value loaded
Found key 2, value knows
Found key 1, value Everybody
Found key 4, value the
lookup 7 record(s)
--------------------------------------
Deleted key 3
Deleted key 6
Deleted key 5
Deleted key 7
Deleted key 2
Deleted key 1
Deleted key 4
Tree is empty now
delete and retain 7 record(s)
--------------------------------------
tree   [order=3, depth=0]
node   [total=0]
record [total=0]
key    [total=0, max=0]
val    [total=0, max=0]
--------------------------------------
update 7 record(s)
--------------------------------------
tree   [order=3, depth=3]
node   [total=7]
record [total=7]
key    [total=14, max=2]
val    [total=41, max=10]
--------------------------------------
7: loaded
6: are
5: dice
4: the
3: that
2: knows
1: Everybody
backward iterator: total 6, deleted 0
Test Passed
--------------------------------------
Destroy btree
--------------------------------------
[       OK ] btree
[==========] 1 test(s) run.
[  PASSED  ] 1 test(s).
+ echo 'B+tree batch operations test...'
B+tree batch operations test...
+ eval /home/marosale/Repos/daos/build/debug/gcc/src/common/tests/btree_direct --start-test 'btree batch operations  direct keys=20000 ' '' '' -C o:3 -c -o -b 20000 -D
++ /home/marosale/Repos/daos/build/debug/gcc/src/common/tests/btree_direct --start-test btree batch operations direct keys=20000 -C o:3 -c -o -b 20000 -D
11/05-05:36:30.29 wolf-26 DAOS[57882/57882] fi   INFO src/gurt/fault_inject.c:481 d_fault_inject_init() No config file, fault injection is OFF.
Using vmem
[==========] Running 1 test(s).
[ RUN      ] btree
--------------------------------------
Create btree with order 3 feats 2
--------------------------------------
Close btree
--------------------------------------
Open btree
--------------------------------------
Batch add 20000 records.
tree   [order=3, depth=12]
node   [total=23408]
record [total=20000]
key    [total=1434306, max=136]
val    [total=1345416, max=131]
Checking 20000 records
Order is ok
Batch lookup 20000 records.
Batch delete 10000 records.
Batch lookup 10000 records.
Batch delete 10000 records.
tree   [order=3, depth=0]
node   [total=0]
record [total=0]
key    [total=0, max=0]
val    [total=0, max=0]
--------------------------------------
Destroy btree
--------------------------------------
[       OK ] btree
[==========] 1 test(s) run.
[  PASSED  ] 1 test(s).
+ echo 'B+tree drain test...'
B+tree drain test...
+ eval /home/marosale/Repos/daos/build/debug/gcc/src/common/tests/btree_direct --start-test 'btree drain  direct keys=20000 ' '' '' -C o:3 -e -D
++ /home/marosale/Repos/daos/build/debug/gcc/src/common/tests/btree_direct --start-test btree drain direct keys=20000 -C o:3 -e -D
11/05-05:36:30.62 wolf-26 DAOS[57883/57883] fi   INFO src/gurt/fault_inject.c:481 d_fault_inject_init() No config file, fault injection is OFF.
Using vmem
[==========] Running 1 test(s).
[ RUN      ] btree
--------------------------------------
Create btree with order 3 feats 2
--------------------------------------
btree: invalid option -- 'e'
Unsupported command ?
--------------------------------------
Destroy btree
--------------------------------------
[       OK ] btree
[==========] 1 test(s) run.
[  PASSED  ] 1 test(s).
