+ set -e
+ for IPL in '"i,"' '""'
+ for IDIR in '"f"' '"b"'
+ for PMEM in '"-m"' '""'
+ run_test
+ printf '\nOptions: IPL='\''%s'\'' IDIR='\''%s'\'' PMEM='\''%s'\''\n' i, f -m

Options: IPL='i,' IDIR='f' PMEM='-m'
++ gen_test_conf_string i, -m
++ name=
++ '[' -n i, ']'
++ name=' inplace'
++ '[' -n -m ']'
++ name=' inplace pmem'
++ echo ' inplace pmem'
+ test_conf=' inplace pmem'
+ '[' -z on ']'
+ echo 'B+tree performance test...'
B+tree performance test...
+ eval /home/marosale/Repos/daos/build/debug/gcc/src/common/tests/btree --start-test 'btree performance  perf keys=20000  inplace pmem' '' -m -C i,o:3 -p 20000 -D
++ /home/marosale/Repos/daos/build/debug/gcc/src/common/tests/btree --start-test btree performance perf keys=20000 inplace pmem -m -C i,o:3 -p 20000 -D
11/05-05:36:43.75 wolf-26 DAOS[58099/58099] fi   INFO src/gurt/fault_inject.c:481 d_fault_inject_init() No config file, fault injection is OFF.
Using vmem
[==========] Running 1 test(s).
[ RUN      ] btree
Create btree with order 3 inplace feats 0
Btree performance test, order=3, keys=20000
insert =  390382.07/sec
lookup =  487293.30/sec
delete =  443646.86/sec
Destroy btree
[       OK ] btree
[==========] 1 test(s) run.
[  PASSED  ] 1 test(s).
+ for PMEM in '"-m"' '""'
+ run_test
+ printf '\nOptions: IPL='\''%s'\'' IDIR='\''%s'\'' PMEM='\''%s'\''\n' i, f ''

Options: IPL='i,' IDIR='f' PMEM=''
++ gen_test_conf_string i, ''
++ name=
++ '[' -n i, ']'
++ name=' inplace'
++ '[' -n '' ']'
++ echo ' inplace'
+ test_conf=' inplace'
+ '[' -z on ']'
+ echo 'B+tree performance test...'
B+tree performance test...
+ eval /home/marosale/Repos/daos/build/debug/gcc/src/common/tests/btree --start-test 'btree performance  perf keys=20000  inplace' '' '' -C i,o:3 -p 20000 -D
++ /home/marosale/Repos/daos/build/debug/gcc/src/common/tests/btree --start-test btree performance perf keys=20000 inplace -C i,o:3 -p 20000 -D
11/05-05:36:44.46 wolf-26 DAOS[58101/58101] fi   INFO src/gurt/fault_inject.c:481 d_fault_inject_init() No config file, fault injection is OFF.
Using vmem
[==========] Running 1 test(s).
[ RUN      ] btree
Create btree with order 3 inplace feats 0
Btree performance test, order=3, keys=20000
insert =  343832.05/sec
lookup =  480631.63/sec
delete =  433575.81/sec
Destroy btree
[       OK ] btree
[==========] 1 test(s) run.
[  PASSED  ] 1 test(s).
+ for IDIR in '"f"' '"b"'
+ for PMEM in '"-m"' '""'
+ run_test
+ printf '\nOptions: IPL='\''%s'\'' IDIR='\''%s'\'' PMEM='\''%s'\''\n' i, b -m

Options: IPL='i,' IDIR='b' PMEM='-m'
++ gen_test_conf_string i, -m
++ name=
++ '[' -n i, ']'
++ name=' inplace'
++ '[' -n -m ']'
++ name=' inplace pmem'
++ echo ' inplace pmem'
+ test_conf=' inplace pmem'
+ '[' -z on ']'
+ echo 'B+tree performance test...'
B+tree performance test...
+ eval /home/marosale/Repos/daos/build/debug/gcc/src/common/tests/btree --start-test 'btree performance  perf keys=20000  inplace pmem' '' -m -C i,o:3 -p 20000 -D
++ /home/marosale/Repos/daos/build/debug/gcc/src/common/tests/btree --start-test btree performance perf keys=20000 inplace pmem -m -C i,o:3 -p 20000 -D
11/05-05:36:45.17 wolf-26 DAOS[58103/58103] fi   INFO src/gurt/fault_inject.c:481 d_fault_inject_init() No config file, fault injection is OFF.
Using vmem
[==========] Running 1 test(s).
[ RUN      ] btree
Create btree with order 3 inplace feats 0
Btree performance test, order=3, keys=20000
insert =  387341.12/sec
lookup =  487914.01/sec
delete =  443782.99/sec
Destroy btree
[       OK ] btree
[==========] 1 test(s) run.
[  PASSED  ] 1 test(s).
+ for PMEM in '"-m"' '""'
+ run_test
+ printf '\nOptions: IPL='\''%s'\'' IDIR='\''%s'\'' PMEM='\''%s'\''\n' i, b ''

Options: IPL='i,' IDIR='b' PMEM=''
++ gen_test_conf_string i, ''
++ name=
++ '[' -n i, ']'
++ name=' inplace'
++ '[' -n '' ']'
++ echo ' inplace'
+ test_conf=' inplace'
+ '[' -z on ']'
+ echo 'B+tree performance test...'
B+tree performance test...
+ eval /home/marosale/Repos/daos/build/debug/gcc/src/common/tests/btree --start-test 'btree performance  perf keys=20000  inplace' '' '' -C i,o:3 -p 20000 -D
++ /home/marosale/Repos/daos/build/debug/gcc/src/common/tests/btree --start-test btree performance perf keys=20000 inplace -C i,o:3 -p 20000 -D
11/05-05:36:45.87 wolf-26 DAOS[58105/58105] fi   INFO src/gurt/fault_inject.c:481 d_fault_inject_init() No config file, fault injection is OFF.
Using vmem
[==========] Running 1 test(s).
[ RUN      ] btree
Create btree with order 3 inplace feats 0
Btree performance test, order=3, keys=20000
insert =  384327.82/sec
lookup =  486962.34/sec
delete =  443421.73/sec
Destroy btree
[       OK ] btree
[==========] 1 test(s) run.
[  PASSED  ] 1 test(s).
+ for IPL in '"i,"' '""'
+ for IDIR in '"f"' '"b"'
+ for PMEM in '"-m"' '""'
+ run_test
+ printf '\nOptions: IPL='\''%s'\'' IDIR='\''%s'\'' PMEM='\''%s'\''\n' '' f -m

Options: IPL='' IDIR='f' PMEM='-m'
++ gen_test_conf_string '' -m
++ name=
++ '[' -n '' ']'
++ '[' -n -m ']'
++ name=' pmem'
++ echo ' pmem'
+ test_conf=' pmem'
+ '[' -z on ']'
+ echo 'B+tree performance test...'
B+tree performance test...
+ eval /home/marosale/Repos/daos/build/debug/gcc/src/common/tests/btree --start-test 'btree performance  perf keys=20000  pmem' '' -m -C o:3 -p 20000 -D
++ /home/marosale/Repos/daos/build/debug/gcc/src/common/tests/btree --start-test btree performance perf keys=20000 pmem -m -C o:3 -p 20000 -D
11/05-05:36:46.58 wolf-26 DAOS[58107/58107] fi   INFO src/gurt/fault_inject.c:481 d_fault_inject_init() No config file, fault injection is OFF.
Using vmem
[==========] Running 1 test(s).
[ RUN      ] btree
Create btree with order 3 feats 0
Btree performance test, order=3, keys=20000
insert =  391451.41/sec
lookup =  487925.36/sec
delete =  444128.38/sec
Destroy btree
[       OK ] btree
[==========] 1 test(s) run.
[  PASSED  ] 1 test(s).
+ for PMEM in '"-m"' '""'
+ run_test
+ printf '\nOptions: IPL='\''%s'\'' IDIR='\''%s'\'' PMEM='\''%s'\''\n' '' f ''

Options: IPL='' IDIR='f' PMEM=''
++ gen_test_conf_string '' ''
++ name=
++ '[' -n '' ']'
++ '[' -n '' ']'
++ echo ''
+ test_conf=
+ '[' -z on ']'
+ echo 'B+tree performance test...'
B+tree performance test...
+ eval /home/marosale/Repos/daos/build/debug/gcc/src/common/tests/btree --start-test 'btree performance  perf keys=20000 ' '' '' -C o:3 -p 20000 -D
++ /home/marosale/Repos/daos/build/debug/gcc/src/common/tests/btree --start-test btree performance perf keys=20000 -C o:3 -p 20000 -D
11/05-05:36:47.28 wolf-26 DAOS[58109/58109] fi   INFO src/gurt/fault_inject.c:481 d_fault_inject_init() No config file, fault injection is OFF.
Using vmem
[==========] Running 1 test(s).
[ RUN      ] btree
Create btree with order 3 feats 0
Btree performance test, order=3, keys=20000
insert =  391053.60/sec
lookup =  490435.68/sec
delete =  443576.49/sec
Destroy btree
[       OK ] btree
[==========] 1 test(s) run.
[  PASSED  ] 1 test(s).
+ for IDIR in '"f"' '"b"'
+ for PMEM in '"-m"' '""'
+ run_test
+ printf '\nOptions: IPL='\''%s'\'' IDIR='\''%s'\'' PMEM='\''%s'\''\n' '' b -m

Options: IPL='' IDIR='b' PMEM='-m'
++ gen_test_conf_string '' -m
++ name=
++ '[' -n '' ']'
++ '[' -n -m ']'
++ name=' pmem'
++ echo ' pmem'
+ test_conf=' pmem'
+ '[' -z on ']'
+ echo 'B+tree performance test...'
B+tree performance test...
+ eval /home/marosale/Repos/daos/build/debug/gcc/src/common/tests/btree --start-test 'btree performance  perf keys=20000  pmem' '' -m -C o:3 -p 20000 -D
++ /home/marosale/Repos/daos/build/debug/gcc/src/common/tests/btree --start-test btree performance perf keys=20000 pmem -m -C o:3 -p 20000 -D
11/05-05:36:47.98 wolf-26 DAOS[58115/58115] fi   INFO src/gurt/fault_inject.c:481 d_fault_inject_init() No config file, fault injection is OFF.
Using vmem
[==========] Running 1 test(s).
[ RUN      ] btree
Create btree with order 3 feats 0
Btree performance test, order=3, keys=20000
insert =  386107.40/sec
lookup =  486287.66/sec
delete =  443893.36/sec
Destroy btree
[       OK ] btree
[==========] 1 test(s) run.
[  PASSED  ] 1 test(s).
+ for PMEM in '"-m"' '""'
+ run_test
+ printf '\nOptions: IPL='\''%s'\'' IDIR='\''%s'\'' PMEM='\''%s'\''\n' '' b ''

Options: IPL='' IDIR='b' PMEM=''
++ gen_test_conf_string '' ''
++ name=
++ '[' -n '' ']'
++ '[' -n '' ']'
++ echo ''
+ test_conf=
+ '[' -z on ']'
+ echo 'B+tree performance test...'
B+tree performance test...
+ eval /home/marosale/Repos/daos/build/debug/gcc/src/common/tests/btree --start-test 'btree performance  perf keys=20000 ' '' '' -C o:3 -p 20000 -D
++ /home/marosale/Repos/daos/build/debug/gcc/src/common/tests/btree --start-test btree performance perf keys=20000 -C o:3 -p 20000 -D
11/05-05:36:48.68 wolf-26 DAOS[58117/58117] fi   INFO src/gurt/fault_inject.c:481 d_fault_inject_init() No config file, fault injection is OFF.
Using vmem
[==========] Running 1 test(s).
[ RUN      ] btree
Create btree with order 3 feats 0
Btree performance test, order=3, keys=20000
insert =  391296.20/sec
lookup =  487460.37/sec
delete =  443271.77/sec
Destroy btree
[       OK ] btree
[==========] 1 test(s) run.
[  PASSED  ] 1 test(s).
