+ set -e
+ for IPL in '"i,"' '""'
+ for IDIR in '"f"' '"b"'
+ for PMEM in '"-m"' '""'
+ run_test
+ printf '\nOptions: IPL='\''%s'\'' IDIR='\''%s'\'' PMEM='\''%s'\''\n' i, f -m

Options: IPL='i,' IDIR='f' PMEM='-m'
++ gen_test_conf_string i, -m
++ name=
++ '[' -n i, ']'
++ name=' inplace'
++ '[' -n -m ']'
++ name=' inplace pmem'
++ echo ' inplace pmem'
+ test_conf=' inplace pmem'
+ '[' -z on ']'
+ echo 'B+tree performance test...'
B+tree performance test...
+ eval /home/marosale/Repos/daos/build/debug/gcc/src/common/tests/btree_direct --start-test 'btree performance  perf direct keys=20000  inplace pmem' '' -m -C i,o:3 -p 20000 -D
++ /home/marosale/Repos/daos/build/debug/gcc/src/common/tests/btree_direct --start-test btree performance perf direct keys=20000 inplace pmem -m -C i,o:3 -p 20000 -D
11/05-05:36:51.59 wolf-26 DAOS[58155/58155] fi   INFO src/gurt/fault_inject.c:481 d_fault_inject_init() No config file, fault injection is OFF.
Using vmem
[==========] Running 1 test(s).
[ RUN      ] btree
--------------------------------------
--------------------------------------
Create btree with order 3 inplace feats 2
--------------------------------------
Btree performance test, order=3, keys=20000
insert =  348462.52/sec
lookup =  474396.33/sec
delete =  437636.06/sec
--------------------------------------
Destroy btree
--------------------------------------
[       OK ] btree
[==========] 1 test(s) run.
[  PASSED  ] 1 test(s).
+ for PMEM in '"-m"' '""'
+ run_test
+ printf '\nOptions: IPL='\''%s'\'' IDIR='\''%s'\'' PMEM='\''%s'\''\n' i, f ''

Options: IPL='i,' IDIR='f' PMEM=''
++ gen_test_conf_string i, ''
++ name=
++ '[' -n i, ']'
++ name=' inplace'
++ '[' -n '' ']'
++ echo ' inplace'
+ test_conf=' inplace'
+ '[' -z on ']'
+ echo 'B+tree performance test...'
B+tree performance test...
+ eval /home/marosale/Repos/daos/build/debug/gcc/src/common/tests/btree_direct --start-test 'btree performance  perf direct keys=20000  inplace' '' '' -C i,o:3 -p 20000 -D
++ /home/marosale/Repos/daos/build/debug/gcc/src/common/tests/btree_direct --start-test btree performance perf direct keys=20000 inplace -C i,o:3 -p 20000 -D
11/05-05:36:52.33 wolf-26 DAOS[58157/58157] fi   INFO src/gurt/fault_inject.c:481 d_fault_inject_init() No config file, fault injection is OFF.
Using vmem
[==========] Running 1 test(s).
[ RUN      ] btree
--------------------------------------
Create btree with order 3 inplace feats 2
--------------------------------------
Btree performance test, order=3, keys=20000
insert =  350951.07/sec
lookup =  473539.38/sec
delete =  429746.46/sec
--------------------------------------
Destroy btree
--------------------------------------
[       OK ] btree
[==========] 1 test(s) run.
[  PASSED  ] 1 test(s).
+ for IDIR in '"f"' '"b"'
+ for PMEM in '"-m"' '""'
+ run_test
+ printf '\nOptions: IPL='\''%s'\'' IDIR='\''%s'\'' PMEM='\''%s'\''\n' i, b -m

Options: IPL='i,' IDIR='b' PMEM='-m'
++ gen_test_conf_string i, -m
++ name=
++ '[' -n i, ']'
++ name=' inplace'
++ '[' -n -m ']'
++ name=' inplace pmem'
++ echo ' inplace pmem'
+ test_conf=' inplace pmem'
+ '[' -z on ']'
+ echo 'B+tree performance test...'
B+tree performance test...
+ eval /home/marosale/Repos/daos/build/debug/gcc/src/common/tests/btree_direct --start-test 'btree performance  perf direct keys=20000  inplace pmem' '' -m -C i,o:3 -p 20000 -D
++ /home/marosale/Repos/daos/build/debug/gcc/src/common/tests/btree_direct --start-test btree performance perf direct keys=20000 inplace pmem -m -C i,o:3 -p 20000 -D
11/05-05:36:53.07 wolf-26 DAOS[58159/58159] fi   INFO src/gurt/fault_inject.c:481 d_fault_inject_init() No config file, fault injection is OFF.
Using vmem
[==========] Running 1 test(s).
[ RUN      ] btree
--------------------------------------
--------------------------------------
Create btree with order 3 inplace feats 2
--------------------------------------
Btree performance test, order=3, keys=20000
insert =  349907.32/sec
lookup =  472209.23/sec
delete =  436490.64/sec
--------------------------------------
Destroy btree
--------------------------------------
[       OK ] btree
[==========] 1 test(s) run.
[  PASSED  ] 1 test(s).
+ for PMEM in '"-m"' '""'
+ run_test
+ printf '\nOptions: IPL='\''%s'\'' IDIR='\''%s'\'' PMEM='\''%s'\''\n' i, b ''

Options: IPL='i,' IDIR='b' PMEM=''
++ gen_test_conf_string i, ''
++ name=
++ '[' -n i, ']'
++ name=' inplace'
++ '[' -n '' ']'
++ echo ' inplace'
+ test_conf=' inplace'
+ '[' -z on ']'
+ echo 'B+tree performance test...'
B+tree performance test...
+ eval /home/marosale/Repos/daos/build/debug/gcc/src/common/tests/btree_direct --start-test 'btree performance  perf direct keys=20000  inplace' '' '' -C i,o:3 -p 20000 -D
++ /home/marosale/Repos/daos/build/debug/gcc/src/common/tests/btree_direct --start-test btree performance perf direct keys=20000 inplace -C i,o:3 -p 20000 -D
11/05-05:36:53.80 wolf-26 DAOS[58161/58161] fi   INFO src/gurt/fault_inject.c:481 d_fault_inject_init() No config file, fault injection is OFF.
Using vmem
[==========] Running 1 test(s).
[ RUN      ] btree
--------------------------------------
Create btree with order 3 inplace feats 2
--------------------------------------
Btree performance test, order=3, keys=20000
insert =  348771.12/sec
lookup =  458178.56/sec
delete =  437837.07/sec
--------------------------------------
Destroy btree
--------------------------------------
[       OK ] btree
[==========] 1 test(s) run.
[  PASSED  ] 1 test(s).
+ for IPL in '"i,"' '""'
+ for IDIR in '"f"' '"b"'
+ for PMEM in '"-m"' '""'
+ run_test
+ printf '\nOptions: IPL='\''%s'\'' IDIR='\''%s'\'' PMEM='\''%s'\''\n' '' f -m

Options: IPL='' IDIR='f' PMEM='-m'
++ gen_test_conf_string '' -m
++ name=
++ '[' -n '' ']'
++ '[' -n -m ']'
++ name=' pmem'
++ echo ' pmem'
+ test_conf=' pmem'
+ '[' -z on ']'
+ echo 'B+tree performance test...'
B+tree performance test...
+ eval /home/marosale/Repos/daos/build/debug/gcc/src/common/tests/btree_direct --start-test 'btree performance  perf direct keys=20000  pmem' '' -m -C o:3 -p 20000 -D
++ /home/marosale/Repos/daos/build/debug/gcc/src/common/tests/btree_direct --start-test btree performance perf direct keys=20000 pmem -m -C o:3 -p 20000 -D
11/05-05:36:54.54 wolf-26 DAOS[58163/58163] fi   INFO src/gurt/fault_inject.c:481 d_fault_inject_init() No config file, fault injection is OFF.
Using vmem
[==========] Running 1 test(s).
[ RUN      ] btree
--------------------------------------
--------------------------------------
Create btree with order 3 feats 2
--------------------------------------
Btree performance test, order=3, keys=20000
insert =  350723.64/sec
lookup =  474866.29/sec
delete =  439145.85/sec
--------------------------------------
Destroy btree
--------------------------------------
[       OK ] btree
[==========] 1 test(s) run.
[  PASSED  ] 1 test(s).
+ for PMEM in '"-m"' '""'
+ run_test
+ printf '\nOptions: IPL='\''%s'\'' IDIR='\''%s'\'' PMEM='\''%s'\''\n' '' f ''

Options: IPL='' IDIR='f' PMEM=''
++ gen_test_conf_string '' ''
++ name=
++ '[' -n '' ']'
++ '[' -n '' ']'
++ echo ''
+ test_conf=
+ '[' -z on ']'
+ echo 'B+tree performance test...'
B+tree performance test...
+ eval /home/marosale/Repos/daos/build/debug/gcc/src/common/tests/btree_direct --start-test 'btree performance  perf direct keys=20000 ' '' '' -C o:3 -p 20000 -D
++ /home/marosale/Repos/daos/build/debug/gcc/src/common/tests/btree_direct --start-test btree performance perf direct keys=20000 -C o:3 -p 20000 -D
11/05-05:36:55.27 wolf-26 DAOS[58165/58165] fi   INFO src/gurt/fault_inject.c:481 d_fault_inject_init() No config file, fault injection is OFF.
Using vmem
[==========] Running 1 test(s).
[ RUN      ] btree
--------------------------------------
Create btree with order 3 feats 2
--------------------------------------
Btree performance test, order=3, keys=20000
insert =  349442.34/sec
lookup =  470068.53/sec
delete =  422414.76/sec
--------------------------------------
Destroy btree
--------------------------------------
[       OK ] btree
[==========] 1 test(s) run.
[  PASSED  ] 1 test(s).
+ for IDIR in '"f"' '"b"'
+ for PMEM in '"-m"' '""'
+ run_test
+ printf '\nOptions: IPL='\''%s'\'' IDIR='\''%s'\'' PMEM='\''%s'\''\n' '' b -m

Options: IPL='' IDIR='b' PMEM='-m'
++ gen_test_conf_string '' -m
++ name=
++ '[' -n '' ']'
++ '[' -n -m ']'
++ name=' pmem'
++ echo ' pmem'
+ test_conf=' pmem'
+ '[' -z on ']'
+ echo 'B+tree performance test...'
B+tree performance test...
+ eval /home/marosale/Repos/daos/build/debug/gcc/src/common/tests/btree_direct --start-test 'btree performance  perf direct keys=20000  pmem' '' -m -C o:3 -p 20000 -D
++ /home/marosale/Repos/daos/build/debug/gcc/src/common/tests/btree_direct --start-test btree performance perf direct keys=20000 pmem -m -C o:3 -p 20000 -D
11/05-05:36:56.00 wolf-26 DAOS[58167/58167] fi   INFO src/gurt/fault_inject.c:481 d_fault_inject_init() No config file, fault injection is OFF.
Using vmem
[==========] Running 1 test(s).
[ RUN      ] btree
--------------------------------------
--------------------------------------
Create btree with order 3 feats 2
--------------------------------------
Btree performance test, order=3, keys=20000
insert =  350662.06/sec
lookup =  473013.35/sec
delete =  437510.52/sec
--------------------------------------
Destroy btree
--------------------------------------
[       OK ] btree
[==========] 1 test(s) run.
[  PASSED  ] 1 test(s).
+ for PMEM in '"-m"' '""'
+ run_test
+ printf '\nOptions: IPL='\''%s'\'' IDIR='\''%s'\'' PMEM='\''%s'\''\n' '' b ''

Options: IPL='' IDIR='b' PMEM=''
++ gen_test_conf_string '' ''
++ name=
++ '[' -n '' ']'
++ '[' -n '' ']'
++ echo ''
+ test_conf=
+ '[' -z on ']'
+ echo 'B+tree performance test...'
B+tree performance test...
+ eval /home/marosale/Repos/daos/build/debug/gcc/src/common/tests/btree_direct --start-test 'btree performance  perf direct keys=20000 ' '' '' -C o:3 -p 20000 -D
++ /home/marosale/Repos/daos/build/debug/gcc/src/common/tests/btree_direct --start-test btree performance perf direct keys=20000 -C o:3 -p 20000 -D
11/05-05:36:56.73 wolf-26 DAOS[58169/58169] fi   INFO src/gurt/fault_inject.c:481 d_fault_inject_init() No config file, fault injection is OFF.
Using vmem
[==========] Running 1 test(s).
[ RUN      ] btree
--------------------------------------
Create btree with order 3 feats 2
--------------------------------------
Btree performance test, order=3, keys=20000
insert =  349894.18/sec
lookup =  474192.52/sec
delete =  438019.97/sec
--------------------------------------
Destroy btree
--------------------------------------
[       OK ] btree
[==========] 1 test(s) run.
[  PASSED  ] 1 test(s).
